<?xml version="1.0" encoding="UTF-8"?>
<!-- Generated by org.testng.reporters.JUnitReportReporter -->
<testsuite skipped="0" hostname="Karthik" name="web_tests.Test_Branch_update" tests="2" failures="0" timestamp="2020-11-27T15:13:55 IST" time="16.151" errors="0">
  <testcase name="Tc015_verify_branch_deletion_link" time="15.750" classname="web_tests.Test_Branch_update"/>
  <system-out/>
  <testcase name="Tc016_Verify_Branch_updation_link" time="0.401" classname="web_tests.Test_Branch_update"/>
  <system-out/>
</testsuite> <!-- web_tests.Test_Branch_update -->
