<?xml version="1.0" encoding="UTF-8"?>
<!-- Generated by org.testng.reporters.JUnitReportReporter -->
<testsuite skipped="0" hostname="Karthik" name="web_tests.Test_Role_Update" tests="2" failures="0" timestamp="2020-11-27T15:17:22 IST" time="13.597" errors="0">
  <testcase name="Tc017_verify_Role_deletion_link" time="13.180" classname="web_tests.Test_Role_Update"/>
  <system-out/>
  <testcase name="Tc018_Verify_Role_updation_link" time="0.417" classname="web_tests.Test_Role_Update"/>
  <system-out/>
</testsuite> <!-- web_tests.Test_Role_Update -->
