<?xml version="1.0" encoding="UTF-8"?>
<!-- Generated by org.testng.reporters.JUnitReportReporter -->
<testsuite skipped="0" hostname="Karthik" name="web_tests.Test_Roles" tests="3" failures="0" timestamp="2020-11-20T15:02:43 IST" time="27.328" errors="0">
  <testcase name="Tc007_Admin_Create_New_Role_Valid" time="17.257" classname="web_tests.Test_Roles"/>
  <system-out/>
  <testcase name="Tc008_Admin_Create_New_Role_Invalid" time="5.276" classname="web_tests.Test_Roles"/>
  <system-out/>
  <testcase name="Tc009_Admin_Create_New_Role_Blank" time="4.795" classname="web_tests.Test_Roles"/>
  <system-out/>
</testsuite> <!-- web_tests.Test_Roles -->
