<?xml version="1.0" encoding="UTF-8"?>
<!-- Generated by org.testng.reporters.JUnitReportReporter -->
<testsuite skipped="0" hostname="Karthik" name="web_tests.Test_Users_Updation" tests="2" failures="0" timestamp="2020-11-27T15:19:31 IST" time="19.438" errors="0">
  <testcase name="Tc019_verify_Users_deletion_link" time="18.639" classname="web_tests.Test_Users_Updation"/>
  <system-out/>
  <testcase name="Tc020_Verify_User_updation_link" time="0.799" classname="web_tests.Test_Users_Updation"/>
  <system-out/>
</testsuite> <!-- web_tests.Test_Users_Updation -->
