<?xml version="1.0" encoding="UTF-8"?>
<!-- Generated by org.testng.reporters.JUnitReportReporter -->
<testsuite skipped="0" hostname="Karthik" name="web_tests.Test_Employer" tests="3" failures="0" timestamp="2020-11-20T16:08:45 IST" time="36.153" errors="0">
  <testcase name="Tc010_Admin_Create_New_Employee_Valid" time="12.033" classname="web_tests.Test_Employer"/>
  <system-out/>
  <testcase name="Tc011_Admin_Create_New_Employee_Invalid" time="8.618" classname="web_tests.Test_Employer"/>
  <system-out/>
  <testcase name="Tc012_Admin_Create_New_Employee_Blank" time="15.502" classname="web_tests.Test_Employer"/>
  <system-out/>
</testsuite> <!-- web_tests.Test_Employer -->
