<?xml version="1.0" encoding="UTF-8"?>
<!-- Generated by org.testng.reporters.JUnitReportReporter -->
<testsuite skipped="0" hostname="Karthik" name="web_tests.Test_Employee_Updation" tests="2" failures="0" timestamp="2020-11-30T16:29:41 IST" time="19.222" errors="0">
  <testcase name="Tc021_verify_Employee_deletion_link" time="16.263" classname="web_tests.Test_Employee_Updation"/>
  <system-out/>
  <testcase name="Tc018_Verify_Role_updation_link" time="2.959" classname="web_tests.Test_Employee_Updation"/>
  <system-out/>
</testsuite> <!-- web_tests.Test_Employee_Updation -->
